[Tue Jul 25 12:04:21 2023] brcmfmac: brcmf_c_process_clm_blob: no clm_blob available (err=-2), device may have limited channels available
[Tue Jul 25 12:04:21 2023] brcmfmac: brcmf_c_preinit_dcmds: Firmware: BCM43602/1 wl0: Nov 10 2015 06:38:10 version 7.35.177.61 (r598657) FWID 01-ea662a8c
[Tue Jul 25 12:04:23 2023] OOM killer enabled.
[Tue Jul 25 12:04:23 2023] Restarting tasks ... 
[Tue Jul 25 12:04:23 2023] usb 2-3: USB disconnect, device number 2
[Tue Jul 25 12:04:23 2023] done.
[Tue Jul 25 12:04:24 2023] PM: suspend exit
[Tue Jul 25 12:04:24 2023] brcmfmac 0000:03:00.0 wlp3s0: renamed from wlan0
[Tue Jul 25 13:03:57 2023] IPv6: ADDRCONF(NETDEV_CHANGE): wlp3s0: link becomes ready
[Tue Jul 25 13:03:57 2023] ieee80211 phy1: brcmf_inetaddr_changed: fail to get arp ip table err:-52
[Tue Jul 25 13:25:16 2023] ieee80211 phy1: brcmf_inetaddr_changed: fail to get arp ip table err:-52
[Tue Jul 25 13:27:44 2023] PM: suspend entry (deep)
[Tue Jul 25 13:27:44 2023] Filesystems sync: 0.050 seconds
[Tue Jul 25 13:27:44 2023] Freezing user space processes ... (elapsed 0.001 seconds) done.
[Tue Jul 25 13:27:44 2023] OOM killer disabled.
[Tue Jul 25 13:27:44 2023] Freezing remaining freezable tasks ... (elapsed 0.000 seconds) done.
[Tue Jul 25 13:27:44 2023] printk: Suspending console(s) (use no_console_suspend to debug)
[Tue Jul 25 13:27:44 2023] sd 0:0:0:0: [sda] Synchronizing SCSI cache
[Tue Jul 25 13:27:44 2023] sd 0:0:0:0: [sda] Stopping disk
[Tue Jul 25 13:27:45 2023] ACPI: EC: interrupt blocked
[Tue Jul 25 13:27:45 2023] ACPI: PM: Preparing to enter system sleep state S3
[Tue Jul 25 13:27:45 2023] ACPI: EC: event blocked
[Tue Jul 25 13:27:45 2023] ACPI: EC: EC stopped
[Tue Jul 25 13:27:45 2023] ACPI: PM: Saving platform NVS memory
[Tue Jul 25 13:27:45 2023] Disabling non-boot CPUs ...
[Tue Jul 25 13:27:45 2023] smpboot: CPU 1 is now offline
[Tue Jul 25 13:27:45 2023] smpboot: CPU 2 is now offline
[Tue Jul 25 13:27:45 2023] smpboot: CPU 3 is now offline
[Tue Jul 25 13:27:45 2023] ACPI: PM: Low-level resume complete
[Tue Jul 25 13:27:45 2023] ACPI: EC: EC started
[Tue Jul 25 13:27:45 2023] ACPI: PM: Restoring platform NVS memory
[Tue Jul 25 13:27:45 2023] Enabling non-boot CPUs ...
[Tue Jul 25 13:27:45 2023] x86: Booting SMP configuration:
[Tue Jul 25 13:27:45 2023] smpboot: Booting Node 0 Processor 1 APIC 0x2
[Tue Jul 25 13:27:45 2023] CPU1 is up
[Tue Jul 25 13:27:45 2023] smpboot: Booting Node 0 Processor 2 APIC 0x1
[Tue Jul 25 13:27:45 2023] CPU2 is up
[Tue Jul 25 13:27:45 2023] smpboot: Booting Node 0 Processor 3 APIC 0x3
[Tue Jul 25 13:27:46 2023] CPU3 is up
[Tue Jul 25 13:27:46 2023] ACPI: PM: Waking up from system sleep state S3
[Tue Jul 25 13:27:46 2023] ACPI: EC: interrupt unblocked
[Tue Jul 25 13:27:47 2023] ACPI: EC: event unblocked
[Tue Jul 25 13:27:47 2023] sd 0:0:0:0: [sda] Starting disk
[Tue Jul 25 13:27:47 2023] brcmfmac: brcmf_fw_alloc_request: using brcm/brcmfmac43602-pcie for chip BCM43602/1
[Tue Jul 25 13:27:47 2023] brcmfmac 0000:03:00.0: Direct firmware load for brcm/brcmfmac43602-pcie.Apple Inc.-MacBookPro12,1.bin failed with error -2
[Tue Jul 25 13:27:47 2023] brcmfmac 0000:03:00.0: Direct firmware load for brcm/brcmfmac43602-pcie.Apple Inc.-MacBookPro12,1.txt failed with error -2
[Tue Jul 25 13:27:47 2023] brcmfmac 0000:03:00.0: Direct firmware load for brcm/brcmfmac43602-pcie.txt failed with error -2
[Tue Jul 25 13:27:47 2023] OOM killer enabled.
[Tue Jul 25 13:27:47 2023] Restarting tasks ... done.
[Tue Jul 25 13:27:47 2023] PM: suspend exit
[Tue Jul 25 13:27:47 2023] ata1: SATA link up 6.0 Gbps (SStatus 133 SControl 300)
[Tue Jul 25 13:27:47 2023] ata1.00: unexpected _GTF length (8)
[Tue Jul 25 13:27:47 2023] ata1.00: unexpected _GTF length (8)
[Tue Jul 25 13:27:47 2023] ata1.00: configured for UDMA/133
[Tue Jul 25 13:27:47 2023] brcmfmac: brcmf_fw_alloc_request: using brcm/brcmfmac43602-pcie for chip BCM43602/1
[Tue Jul 25 13:27:47 2023] brcmfmac: brcmf_c_process_clm_blob: no clm_blob available (err=-2), device may have limited channels available
[Tue Jul 25 13:27:47 2023] brcmfmac: brcmf_c_preinit_dcmds: Firmware: BCM43602/1 wl0: Nov 10 2015 06:38:10 version 7.35.177.61 (r598657) FWID 01-ea662a8c
[Tue Jul 25 13:27:47 2023] brcmfmac 0000:03:00.0 wlp3s0: renamed from wlan0
[Tue Jul 25 13:27:52 2023] usb usb2-port3: Cannot enable. Maybe the USB cable is bad?
[Tue Jul 25 13:37:29 2023] PM: suspend entry (deep)
[Tue Jul 25 13:37:29 2023] Filesystems sync: 0.018 seconds
[Tue Jul 25 13:37:29 2023] Freezing user space processes ... (elapsed 0.014 seconds) done.
[Tue Jul 25 13:37:29 2023] OOM killer disabled.
[Tue Jul 25 13:37:29 2023] Freezing remaining freezable tasks ... (elapsed 0.001 seconds) done.
[Tue Jul 25 13:37:29 2023] printk: Suspending console(s) (use no_console_suspend to debug)
[Tue Jul 25 13:37:29 2023] sd 0:0:0:0: [sda] Synchronizing SCSI cache
[Tue Jul 25 13:37:29 2023] sd 0:0:0:0: [sda] Stopping disk
[Tue Jul 25 13:37:29 2023] ACPI: EC: interrupt blocked
[Tue Jul 25 13:37:29 2023] ACPI: PM: Preparing to enter system sleep state S3
[Tue Jul 25 13:37:30 2023] ACPI: EC: event blocked
[Tue Jul 25 13:37:30 2023] ACPI: EC: EC stopped
[Tue Jul 25 13:37:30 2023] ACPI: PM: Saving platform NVS memory
[Tue Jul 25 13:37:30 2023] Disabling non-boot CPUs ...
[Tue Jul 25 13:37:30 2023] smpboot: CPU 1 is now offline
[Tue Jul 25 13:37:30 2023] smpboot: CPU 2 is now offline
[Tue Jul 25 13:37:30 2023] smpboot: CPU 3 is now offline
[Tue Jul 25 13:37:30 2023] ACPI: PM: Low-level resume complete
[Tue Jul 25 13:37:30 2023] ACPI: EC: EC started
[Tue Jul 25 13:37:30 2023] ACPI: PM: Restoring platform NVS memory
[Tue Jul 25 13:37:30 2023] Enabling non-boot CPUs ...
[Tue Jul 25 13:37:30 2023] x86: Booting SMP configuration:
[Tue Jul 25 13:37:30 2023] smpboot: Booting Node 0 Processor 1 APIC 0x2
[Tue Jul 25 13:37:30 2023] CPU1 is up
[Tue Jul 25 13:37:30 2023] smpboot: Booting Node 0 Processor 2 APIC 0x1
[Tue Jul 25 13:37:30 2023] CPU2 is up
[Tue Jul 25 13:37:30 2023] smpboot: Booting Node 0 Processor 3 APIC 0x3
[Tue Jul 25 13:37:30 2023] CPU3 is up
[Tue Jul 25 13:37:30 2023] ACPI: PM: Waking up from system sleep state S3
[Tue Jul 25 13:37:30 2023] ACPI: EC: interrupt unblocked
[Tue Jul 25 13:37:31 2023] ACPI: EC: event unblocked
[Tue Jul 25 13:37:31 2023] sd 0:0:0:0: [sda] Starting disk
[Tue Jul 25 13:37:31 2023] brcmfmac: brcmf_fw_alloc_request: using brcm/brcmfmac43602-pcie for chip BCM43602/1
[Tue Jul 25 13:37:31 2023] brcmfmac 0000:03:00.0: Direct firmware load for brcm/brcmfmac43602-pcie.Apple Inc.-MacBookPro12,1.bin failed with error -2
[Tue Jul 25 13:37:31 2023] brcmfmac 0000:03:00.0: Direct firmware load for brcm/brcmfmac43602-pcie.Apple Inc.-MacBookPro12,1.txt failed with error -2
[Tue Jul 25 13:37:31 2023] brcmfmac 0000:03:00.0: Direct firmware load for brcm/brcmfmac43602-pcie.txt failed with error -2
[Tue Jul 25 13:37:31 2023] OOM killer enabled.
[Tue Jul 25 13:37:31 2023] Restarting tasks ... done.
[Tue Jul 25 13:37:32 2023] ata1: SATA link up 6.0 Gbps (SStatus 133 SControl 300)
[Tue Jul 25 13:37:32 2023] ata1.00: unexpected _GTF length (8)
[Tue Jul 25 13:37:32 2023] ata1.00: unexpected _GTF length (8)
[Tue Jul 25 13:37:32 2023] ata1.00: configured for UDMA/133
[Tue Jul 25 13:37:32 2023] PM: suspend exit
[Tue Jul 25 13:37:32 2023] brcmfmac: brcmf_fw_alloc_request: using brcm/brcmfmac43602-pcie for chip BCM43602/1
[Tue Jul 25 13:37:32 2023] brcmfmac: brcmf_c_process_clm_blob: no clm_blob available (err=-2), device may have limited channels available
[Tue Jul 25 13:37:32 2023] brcmfmac: brcmf_c_preinit_dcmds: Firmware: BCM43602/1 wl0: Nov 10 2015 06:38:10 version 7.35.177.61 (r598657) FWID 01-ea662a8c
[Tue Jul 25 13:37:32 2023] brcmfmac 0000:03:00.0 wlp3s0: renamed from wlan0
[Tue Jul 25 13:43:37 2023] PM: suspend entry (deep)
[Tue Jul 25 13:43:37 2023] Filesystems sync: 0.016 seconds
[Tue Jul 25 13:43:37 2023] Freezing user space processes ... (elapsed 0.007 seconds) done.
[Tue Jul 25 13:43:37 2023] OOM killer disabled.
[Tue Jul 25 13:43:37 2023] Freezing remaining freezable tasks ... (elapsed 0.001 seconds) done.
[Tue Jul 25 13:43:37 2023] printk: Suspending console(s) (use no_console_suspend to debug)
[Tue Jul 25 13:43:37 2023] sd 0:0:0:0: [sda] Synchronizing SCSI cache
[Tue Jul 25 13:43:37 2023] sd 0:0:0:0: [sda] Stopping disk
[Tue Jul 25 13:43:37 2023] ACPI: EC: interrupt blocked
[Tue Jul 25 13:43:38 2023] ACPI: PM: Preparing to enter system sleep state S3
[Tue Jul 25 13:43:38 2023] ACPI: EC: event blocked
[Tue Jul 25 13:43:38 2023] ACPI: EC: EC stopped
[Tue Jul 25 13:43:38 2023] ACPI: PM: Saving platform NVS memory
[Tue Jul 25 13:43:38 2023] Disabling non-boot CPUs ...
[Tue Jul 25 13:43:38 2023] smpboot: CPU 1 is now offline
[Tue Jul 25 13:43:38 2023] smpboot: CPU 2 is now offline
[Tue Jul 25 13:43:38 2023] smpboot: CPU 3 is now offline
[Tue Jul 25 13:43:38 2023] ACPI: PM: Low-level resume complete
[Tue Jul 25 13:43:38 2023] ACPI: EC: EC started
[Tue Jul 25 13:43:38 2023] ACPI: PM: Restoring platform NVS memory
[Tue Jul 25 13:43:38 2023] Enabling non-boot CPUs ...
[Tue Jul 25 13:43:38 2023] x86: Booting SMP configuration:
[Tue Jul 25 13:43:38 2023] smpboot: Booting Node 0 Processor 1 APIC 0x2
[Tue Jul 25 13:43:38 2023] CPU1 is up
[Tue Jul 25 13:43:38 2023] smpboot: Booting Node 0 Processor 2 APIC 0x1
[Tue Jul 25 13:43:38 2023] CPU2 is up
[Tue Jul 25 13:43:38 2023] smpboot: Booting Node 0 Processor 3 APIC 0x3
[Tue Jul 25 13:43:38 2023] CPU3 is up
[Tue Jul 25 13:43:38 2023] ACPI: PM: Waking up from system sleep state S3
[Tue Jul 25 13:43:38 2023] ACPI: EC: interrupt unblocked
[Tue Jul 25 13:43:39 2023] ACPI: EC: event unblocked
[Tue Jul 25 13:43:39 2023] sd 0:0:0:0: [sda] Starting disk
[Tue Jul 25 13:43:40 2023] brcmfmac: brcmf_fw_alloc_request: using brcm/brcmfmac43602-pcie for chip BCM43602/1
[Tue Jul 25 13:43:40 2023] brcmfmac 0000:03:00.0: Direct firmware load for brcm/brcmfmac43602-pcie.Apple Inc.-MacBookPro12,1.bin failed with error -2
[Tue Jul 25 13:43:40 2023] brcmfmac 0000:03:00.0: Direct firmware load for brcm/brcmfmac43602-pcie.Apple Inc.-MacBookPro12,1.txt failed with error -2
[Tue Jul 25 13:43:40 2023] brcmfmac 0000:03:00.0: Direct firmware load for brcm/brcmfmac43602-pcie.txt failed with error -2
[Tue Jul 25 13:43:40 2023] OOM killer enabled.
[Tue Jul 25 13:43:40 2023] Restarting tasks ... done.
[Tue Jul 25 13:43:40 2023] PM: suspend exit
[Tue Jul 25 13:43:40 2023] ata1: SATA link up 6.0 Gbps (SStatus 133 SControl 300)
[Tue Jul 25 13:43:40 2023] ata1.00: unexpected _GTF length (8)
[Tue Jul 25 13:43:40 2023] ata1.00: unexpected _GTF length (8)
[Tue Jul 25 13:43:40 2023] ata1.00: configured for UDMA/133
[Tue Jul 25 13:43:40 2023] brcmfmac: brcmf_fw_alloc_request: using brcm/brcmfmac43602-pcie for chip BCM43602/1
[Tue Jul 25 13:43:40 2023] brcmfmac: brcmf_c_process_clm_blob: no clm_blob available (err=-2), device may have limited channels available
[Tue Jul 25 13:43:40 2023] brcmfmac: brcmf_c_preinit_dcmds: Firmware: BCM43602/1 wl0: Nov 10 2015 06:38:10 version 7.35.177.61 (r598657) FWID 01-ea662a8c
[Tue Jul 25 13:43:40 2023] brcmfmac 0000:03:00.0 wlp3s0: renamed from wlan0
[Tue Jul 25 13:49:08 2023] PM: suspend entry (deep)
[Tue Jul 25 13:49:08 2023] Filesystems sync: 0.016 seconds
[Tue Jul 25 13:49:08 2023] Freezing user space processes ... (elapsed 0.007 seconds) done.
[Tue Jul 25 13:49:08 2023] OOM killer disabled.
[Tue Jul 25 13:49:08 2023] Freezing remaining freezable tasks ... (elapsed 0.001 seconds) done.
[Tue Jul 25 13:49:08 2023] printk: Suspending console(s) (use no_console_suspend to debug)
[Tue Jul 25 13:49:08 2023] sd 0:0:0:0: [sda] Synchronizing SCSI cache
[Tue Jul 25 13:49:08 2023] sd 0:0:0:0: [sda] Stopping disk
[Tue Jul 25 13:49:08 2023] ACPI: EC: interrupt blocked
[Tue Jul 25 13:49:08 2023] ACPI: PM: Preparing to enter system sleep state S3
[Tue Jul 25 13:49:09 2023] ACPI: EC: event blocked
[Tue Jul 25 13:49:09 2023] ACPI: EC: EC stopped
[Tue Jul 25 13:49:09 2023] ACPI: PM: Saving platform NVS memory
[Tue Jul 25 13:49:09 2023] Disabling non-boot CPUs ...
[Tue Jul 25 13:49:09 2023] smpboot: CPU 1 is now offline
[Tue Jul 25 13:49:09 2023] smpboot: CPU 2 is now offline
[Tue Jul 25 13:49:09 2023] smpboot: CPU 3 is now offline
[Tue Jul 25 13:49:09 2023] ACPI: PM: Low-level resume complete
[Tue Jul 25 13:49:09 2023] ACPI: EC: EC started
[Tue Jul 25 13:49:09 2023] ACPI: PM: Restoring platform NVS memory
[Tue Jul 25 13:49:09 2023] Enabling non-boot CPUs ...
[Tue Jul 25 13:49:09 2023] x86: Booting SMP configuration:
[Tue Jul 25 13:49:09 2023] smpboot: Booting Node 0 Processor 1 APIC 0x2
[Tue Jul 25 13:49:09 2023] CPU1 is up
[Tue Jul 25 13:49:09 2023] smpboot: Booting Node 0 Processor 2 APIC 0x1
[Tue Jul 25 13:49:09 2023] CPU2 is up
[Tue Jul 25 13:49:09 2023] smpboot: Booting Node 0 Processor 3 APIC 0x3
[Tue Jul 25 13:49:09 2023] CPU3 is up
[Tue Jul 25 13:49:09 2023] ACPI: PM: Waking up from system sleep state S3
[Tue Jul 25 13:49:09 2023] ACPI: EC: interrupt unblocked
[Tue Jul 25 13:49:10 2023] ACPI: EC: event unblocked
[Tue Jul 25 13:49:10 2023] sd 0:0:0:0: [sda] Starting disk
[Tue Jul 25 13:49:10 2023] brcmfmac: brcmf_fw_alloc_request: using brcm/brcmfmac43602-pcie for chip BCM43602/1
[Tue Jul 25 13:49:10 2023] brcmfmac 0000:03:00.0: Direct firmware load for brcm/brcmfmac43602-pcie.Apple Inc.-MacBookPro12,1.bin failed with error -2
[Tue Jul 25 13:49:10 2023] brcmfmac 0000:03:00.0: Direct firmware load for brcm/brcmfmac43602-pcie.Apple Inc.-MacBookPro12,1.txt failed with error -2
[Tue Jul 25 13:49:10 2023] brcmfmac 0000:03:00.0: Direct firmware load for brcm/brcmfmac43602-pcie.txt failed with error -2
[Tue Jul 25 13:49:11 2023] OOM killer enabled.
[Tue Jul 25 13:49:11 2023] Restarting tasks ... done.
[Tue Jul 25 13:49:11 2023] PM: suspend exit
[Tue Jul 25 13:49:11 2023] ata1: SATA link up 6.0 Gbps (SStatus 133 SControl 300)
[Tue Jul 25 13:49:11 2023] ata1.00: unexpected _GTF length (8)
[Tue Jul 25 13:49:11 2023] ata1.00: unexpected _GTF length (8)
[Tue Jul 25 13:49:11 2023] ata1.00: configured for UDMA/133
[Tue Jul 25 13:49:11 2023] brcmfmac: brcmf_fw_alloc_request: using brcm/brcmfmac43602-pcie for chip BCM43602/1
[Tue Jul 25 13:49:11 2023] brcmfmac: brcmf_c_process_clm_blob: no clm_blob available (err=-2), device may have limited channels available
[Tue Jul 25 13:49:11 2023] brcmfmac: brcmf_c_preinit_dcmds: Firmware: BCM43602/1 wl0: Nov 10 2015 06:38:10 version 7.35.177.61 (r598657) FWID 01-ea662a8c
[Tue Jul 25 13:49:11 2023] brcmfmac 0000:03:00.0 wlp3s0: renamed from wlan0
